MPASM  5.31        ENCENDERAPAGAR1SEGUNDO.ASM   10-24-2023  22:21:22         PAGE  1


LOC  OBJECT CODE     LINE SOURCE TEXT
  VALUE

                      00001         LIST P=pic16F628A
                      00002         INCLUDE <P16F628A.INC>
                      00001         LIST
                      00002 ; P16F628A.INC  Standard Header File, Version 1.10    Microchip Technology, Inc.
                      00265         LIST
                      00266 
2007   3FE1           00003         __CONFIG _CP_OFF & _WDT_OFF & _PWRTE_ON & _XT_OSC
                      00004 
                      00005 ; ---------------------------
                      00006 ; --- CONFIGURACIÓN PUERTOS ---
                      00007 ; ---------------------------
                      00008         ORG 0x00
0000   0186           00009         CLRF PORTB     ; Limpiamos PORTB
0001   1683           00010         BSF STATUS,RP0 ; Colocamos en 1 el bit RP0
Message[302]: Register in operand not in bank 0.  Ensure that bank bits are correct.
0002   0186           00011         CLRF TRISB     ; Limpiamos TRISB, marcándolo como salida
0003   1283           00012         BCF STATUS,RP0 ; Regresamos al banco 0
                      00013 
                      00014 ; *** INICIO DE PROGRAMA ***
                      00015 ; ---------------------------
                      00016 
                      00017 ; Definición e inicialización de registros de trabajo
  00000020            00018 C1 EQU 0x20
  00000021            00019 C2 EQU 0x21
  00000022            00020 C3 EQU 0x22
                      00021 
                      00022 ; 1. Encender y apagar los LEDs cada un segundo
                      00023 ; -------------------------
0004                  00024 CICLO1
0004   2???           00025     CALL RETARDO1S ; Retardo de un segundo
0005   300F           00026     MOVLW B'00001111'  ; Encendemos los primeros 4 LEDs
0006   0086           00027     MOVWF PORTB
0007   2???           00028     CALL RETARDO1S ; Retardo de un segundo
0008   3000           00029     MOVLW B'00000000'  ; Apagamos los LEDs
0009   0086           00030     MOVWF PORTB
000A   2???           00031     GOTO CICLO1
                      00032 
000B                  00033 RETARDO1S                                                       ; Subrutina delay de 1 seg
000B   3005           00034                         MOVLW D'5'                              ; Coloca 5 decimal en W
000C   00A0           00035                         MOVWF C1                                ; Coloca el contenido de W en CONT1
000D                  00036 ARRIBA                                                          ; Subrutina auxiliar
000D   30FF           00037                         MOVLW D'255'                    ; Coloca 255 decimal en W
000E   00A1           00038                         MOVWF C2                                ; Coloca el contenido de W en CONT2
000F                  00039 BUCLE1                                                          ; Subrutina auxiliar
000F   30FF           00040                         MOVLW D'255'                    ; Coloca 255 decimal en W
0010   00A2           00041                         MOVWF C3                                ; Coloca el contenido de W en CONT3
0011                  00042 REPITE1                                                         ; Subrutina auxiliar
0011   0BA2           00043                         DECFSZ C3,1                     ; Decrementa CONT3 si no es cero
0012   2???           00044                         GOTO REPITE1                    ; Va a REPITE1
0013   0BA1           00045                         DECFSZ C2,1                     ; Decrementa CONT2 si no es cero
0014   2???           00046                         GOTO BUCLE1                             ; Va a BUCLE1
0015   0BA0           00047                         DECFSZ C1,1                     ; Decrementa CONT1 si no es cero
0016   2???           00048                         GOTO ARRIBA                             ; Va a ARRIBA
MPASM  5.31        ENCENDERAPAGAR1SEGUNDO.ASM   10-24-2023  22:21:22         PAGE  2


LOC  OBJECT CODE     LINE SOURCE TEXT
  VALUE

0017   0008           00049                         RETURN                                  ; Sale de la subrutina
                      00050                         
                      00051                         
                      00052 
3FE1                  00053         END
MPASM  5.31        ENCENDERAPAGAR1SEGUNDO.ASM   10-24-2023  22:21:22         PAGE  3


SYMBOL TABLE
  LABEL                             VALUE 

ADEN                              00000003
ARRIBA                            0000000D
BRGH                              00000002
BUCLE1                            0000000F
C                                 00000000
C1                                00000020
C1INV                             00000004
C1OUT                             00000006
C2                                00000021
C2INV                             00000005
C2OUT                             00000007
C3                                00000022
CCP1CON                           00000017
CCP1IE                            00000002
CCP1IF                            00000002
CCP1M0                            00000000
CCP1M1                            00000001
CCP1M2                            00000002
CCP1M3                            00000003
CCP1X                             00000005
CCP1Y                             00000004
CCPR1H                            00000016
CCPR1L                            00000015
CICLO1                            00000004
CIS                               00000003
CM0                               00000000
CM1                               00000001
CM2                               00000002
CMCON                             0000001F
CMIE                              00000006
CMIF                              00000006
CREN                              00000004
CSRC                              00000007
DC                                00000001
EEADR                             0000009B
EECON1                            0000009C
EECON2                            0000009D
EEDATA                            0000009A
EEIE                              00000007
EEIF                              00000007
F                                 00000001
FERR                              00000002
FSR                               00000004
GIE                               00000007
INDF                              00000000
INTCON                            0000000B
INTE                              00000004
INTEDG                            00000006
INTF                              00000001
IRP                               00000007
NOT_BO                            00000000
NOT_BOD                           00000000
NOT_BOR                           00000000
MPASM  5.31        ENCENDERAPAGAR1SEGUNDO.ASM   10-24-2023  22:21:22         PAGE  4


SYMBOL TABLE
  LABEL                             VALUE 

NOT_PD                            00000003
NOT_POR                           00000001
NOT_RBPU                          00000007
NOT_T1SYNC                        00000002
NOT_TO                            00000004
OERR                              00000001
OPTION_REG                        00000081
OSCF                              00000003
PCL                               00000002
PCLATH                            0000000A
PCON                              0000008E
PEIE                              00000006
PIE1                              0000008C
PIR1                              0000000C
PORTA                             00000005
PORTB                             00000006
PR2                               00000092
PS0                               00000000
PS1                               00000001
PS2                               00000002
PSA                               00000003
RBIE                              00000003
RBIF                              00000000
RCIE                              00000005
RCIF                              00000005
RCREG                             0000001A
RCSTA                             00000018
RD                                00000000
REPITE1                           00000011
RETARDO1S                         0000000B
RP0                               00000005
RP1                               00000006
RX9                               00000006
RX9D                              00000000
SPBRG                             00000099
SPEN                              00000007
SREN                              00000005
STATUS                            00000003
SYNC                              00000004
T0CS                              00000005
T0IE                              00000005
T0IF                              00000002
T0SE                              00000004
T1CKPS0                           00000004
T1CKPS1                           00000005
T1CON                             00000010
T1OSCEN                           00000003
T2CKPS0                           00000000
T2CKPS1                           00000001
T2CON                             00000012
TMR0                              00000001
TMR1CS                            00000001
TMR1H                             0000000F
MPASM  5.31        ENCENDERAPAGAR1SEGUNDO.ASM   10-24-2023  22:21:22         PAGE  5


SYMBOL TABLE
  LABEL                             VALUE 

TMR1IE                            00000000
TMR1IF                            00000000
TMR1L                             0000000E
TMR1ON                            00000000
TMR2                              00000011
TMR2IE                            00000001
TMR2IF                            00000001
TMR2ON                            00000002
TOUTPS0                           00000003
TOUTPS1                           00000004
TOUTPS2                           00000005
TOUTPS3                           00000006
TRISA                             00000085
TRISB                             00000086
TRMT                              00000001
TX9                               00000006
TX9D                              00000000
TXEN                              00000005
TXIE                              00000004
TXIF                              00000004
TXREG                             00000019
TXSTA                             00000098
VR0                               00000000
VR1                               00000001
VR2                               00000002
VR3                               00000003
VRCON                             0000009F
VREN                              00000007
VROE                              00000006
VRR                               00000005
W                                 00000000
WR                                00000001
WREN                              00000002
WRERR                             00000003
Z                                 00000002
_BODEN_OFF                        00003FBF
_BODEN_ON                         00003FFF
_BOREN_OFF                        00003FBF
_BOREN_ON                         00003FFF
_CP_OFF                           00003FFF
_CP_ON                            00001FFF
_DATA_CP_OFF                      00003FFF
_DATA_CP_ON                       00003EFF
_ER_OSC_CLKOUT                    00003FFF
_ER_OSC_NOCLKOUT                  00003FFE
_EXTCLK_OSC                       00003FEF
_HS_OSC                           00003FEE
_INTOSC_OSC_CLKOUT                00003FFD
_INTOSC_OSC_NOCLKOUT              00003FFC
_INTRC_OSC_CLKOUT                 00003FFD
_INTRC_OSC_NOCLKOUT               00003FFC
_LP_OSC                           00003FEC
_LVP_OFF                          00003F7F
MPASM  5.31        ENCENDERAPAGAR1SEGUNDO.ASM   10-24-2023  22:21:22         PAGE  6


SYMBOL TABLE
  LABEL                             VALUE 

_LVP_ON                           00003FFF
_MCLRE_OFF                        00003FDF
_MCLRE_ON                         00003FFF
_PWRTE_OFF                        00003FFF
_PWRTE_ON                         00003FF7
_RC_OSC_CLKOUT                    00003FFF
_RC_OSC_NOCLKOUT                  00003FFE
_WDT_OFF                          00003FFB
_WDT_ON                           00003FFF
_XT_OSC                           00003FED
__16F628A                         00000001
__DEBUG                           1

Errors   :     0
Warnings :     0 reported,     0 suppressed
Messages :     1 reported,     0 suppressed

