MPASM  5.31              TERMOTANQUEFINAL.ASM   10-28-2023  1:31:03         PAGE  1


LOC  OBJECT CODE     LINE SOURCE TEXT
  VALUE

                      00001         LIST P=pic16F628A
                      00002         INCLUDE <P16F628A.INC>
                      00001         LIST
                      00002 ; P16F628A.INC  Standard Header File, Version 1.10    Microchip Technology, Inc.
                      00265         LIST
                      00266 
2007   3FE1           00003         __CONFIG _CP_OFF & _WDT_OFF & _PWRTE_ON & _XT_OSC
                      00004         ; ---------------------------
                      00005         ; --- CONFIGURACIÓN PUERTOS ---
                      00006         ; ---------------------------
                      00007         ORG 0x00
0000   0186           00008         CLRF PORTB     ; Limpiamos PORTB
0001   1683           00009         BSF STATUS,RP0 ; Colocamos en 1 el bit RP0
Message[302]: Register in operand not in bank 0.  Ensure that bank bits are correct.
0002   0186           00010         CLRF TRISB     ; Limpiamos TRISB, marcándolo como salida
0003   1283           00011         BCF STATUS,RP0 ; Regresamos al banco 0
                      00012 
                      00013         ; Variables de control
  00000020            00014 CapacidadMax_Agua EQU 0x20 ; Capacidad máxima del termotanque en litros
  00000021            00015 CantidadAgua EQU 0x21 ; Cantidad inicial de agua (simulación)
  00000022            00016 C1 EQU 0x22
  00000023            00017 C2 EQU 0x23
  00000024            00018 C3 EQU 0x24
  00000025            00019 Temp_max  EQU 0x25 ; Temperatura máxima
  00000026            00020 Temp_min EQU 0x26 ; Temperatura mínima
  00000027            00021 Temp_agua EQU 0x27 ; Temperatura agua
  00000028            00022 CantidadAgua50 EQU 0x28
                      00023 
                      00024 ; Configurar registros necesarios
0004   3032           00025         MOVLW D'50' ; Cantidad actual de agua, simulada
0005   00A1           00026     MOVWF CantidadAgua ; Inicializar cantidad de agua
0006   306E           00027         MOVLW D'110' ; Capacidad maxima de agua
0007   00A0           00028     MOVWF CapacidadMax_Agua ; Inicializar capacidad maxima de agua
0008   3014           00029         MOVLW D'20' ; Temperatura inicial del agua (simulación)
0009   00A7           00030         MOVWF Temp_agua ; Inicializar temperatura actual de agua
000A   302D           00031         MOVLW D'45' ; Temperatura máxima del agua
000B   00A5           00032     MOVWF Temp_max ; Inicializar temperatura máxima
000C   3014           00033         MOVLW D'20' ; Temperatura minima del agua
000D   00A6           00034     MOVWF Temp_min ; Inicializar temperatura minima
000E   3000           00035         MOVLW D'0' ;
000F   00A4           00036     MOVWF C3 ; 
0010   3032           00037         MOVLW D'50' ;
0011   00A8           00038     MOVWF CantidadAgua50 ; 
                      00039     
                      00040         ; *** INICIO DE PROGRAMA ***
                      00041         ; ---------------------------
                      00042 
                      00043 
0012                  00044 INICIO
                      00045 
                      00046         ; Comparar CantidadAgua con la capacidad máxima (110 litros)
0012   0821           00047         MOVF CantidadAgua, W ; Mover el valor de CantidadAgua a WREG
0013   0220           00048         SUBWF CapacidadMax_Agua, W ; Restar la capacidad máxima de agua y almacenar el resultado en WREG
MPASM  5.31              TERMOTANQUEFINAL.ASM   10-28-2023  1:31:03         PAGE  2


LOC  OBJECT CODE     LINE SOURCE TEXT
  VALUE

0014   1D03           00049         BTFSS STATUS, Z ; Comprobar si el resultado es cero (es decir, CantidadAgua < 110)
0015   2???           00050         CALL AguaMenosDe110 ; Saltar a la etiqueta si la cantidad de agua es menor de 110 litros, es dec
                            ir que la resta no dio 0
0016   2???           00051         CALL VerificandoAgua
0017   2???           00052         CALL Prender_TempMax
0018   2???           00053         CALL AbrirCanilla
0019   2???           00054         CALL Bomba_Resistencia   
001A   2???           00055     GOTO INICIO
                      00056 
                      00057 
                      00058 
                      00059 
                      00060    
                      00061         ; Etiqueta para cuando la cantidad de agua es menor de 110 litros
001B                  00062 AguaMenosDe110
001B   1406           00063         BSF PORTB, 0 ; Activar el puerto RB0 (encender el LED o realizar alguna otra acción)
001C                  00064 LOOP
                      00065         ; Decrementar la cantidad de agua en 1 litro cada medio segundo
001C   2???           00066         CALL Retardo_200ms
001D   2???           00067         CALL Retardo_200ms
001E   2???           00068         CALL Retardo_100ms
001F   0AA1           00069         INCF CantidadAgua, F
0020   0821           00070         MOVF CantidadAgua, W ; Mover el valor de CantidadAgua a WREG
0021   0220           00071         SUBWF CapacidadMax_Agua, W ; Restar la capacidad máxima de agua y almacenar el resultado en WREG
0022   1D03           00072         BTFSS STATUS, Z ; Comprobar si el resultado es cero (es decir, CantidadAgua < 110)
0023   2???           00073         GOTO LOOP
0024   1006           00074         BCF PORTB, 0 ; Apagar el puerto RB0 (apagar el LED)
0025   0008           00075         RETURN
                      00076 
0026                  00077 VerificandoAgua
0026   1486           00078         BSF PORTB, 1 ; Activar el puerto RB1 (encender el LED o realizar alguna otra acción)
                      00079         
0027   2???           00080         CALL Retardo_200ms
0028   2???           00081         CALL Retardo_200ms
0029   2???           00082         CALL Retardo_100ms
002A   2???           00083         CALL Retardo_200ms
002B   2???           00084         CALL Retardo_200ms
002C   2???           00085         CALL Retardo_100ms
002D   1086           00086         BCF PORTB, 1 ; Desactivar el puerto RB1 (apagar el LED o realizar alguna otra acción)
                      00087         ; Verificar la temperatura del agua
002E   0827           00088     MOVF Temp_agua, W ; Cargar la temperatura actual del agua en WREG
002F   0225           00089     SUBWF Temp_max, W ; Restar la temperatura máxima
0030   1D03           00090     BTFSS STATUS, Z ; Comprobar si el resultado es cero (si Temp_agua == Temp_max)
0031   2???           00091     GOTO CalentarAgua ; Saltar a la etiqueta CalentarAgua si la temperatura es menor a la máxima
0032   0008           00092         RETURN
                      00093                 
                      00094 
                      00095         ; Etiqueta para calentar el agua
0033                  00096 CalentarAgua
                      00097         
0033   1506           00098         BSF PORTB, 2
0034   2???           00099         CALL Retardo_200ms
0035   2???           00100         CALL Retardo_200ms
MPASM  5.31              TERMOTANQUEFINAL.ASM   10-28-2023  1:31:03         PAGE  3


LOC  OBJECT CODE     LINE SOURCE TEXT
  VALUE

0036   2???           00101         CALL Retardo_100ms
0037   1106           00102         BCF PORTB, 2
0038   2???           00103         CALL Retardo_200ms
0039   2???           00104         CALL Retardo_200ms
003A   2???           00105         CALL Retardo_100ms
003B   0AA7           00106         INCF Temp_agua, F
003C   0827           00107     MOVF Temp_agua, W ; Cargar la temperatura actual del agua en WREG
003D   0225           00108     SUBWF Temp_max, W ; Restar la temperatura máxima
003E   1D03           00109     BTFSS STATUS, Z ; Comprobar si el resultado es cero (si Temp_agua == Temp_max)
003F   2???           00110         GOTO CalentarAgua
0040   0008           00111         RETURN
                      00112 
0041                  00113 Prender_TempMax
0041   1586           00114         BSF PORTB, 3
0042   0827           00115         MOVF Temp_agua, W ; Cargar la temperatura actual del agua en WREG
0043   0225           00116     SUBWF Temp_max, W ; Restar la temperatura máxima
0044   1D03           00117     BTFSS STATUS, Z ; Comprobar si el resultado es cero (si Temp_agua == Temp_max)
0045   1186           00118         BCF PORTB, 3
0046   0008           00119         RETURN
                      00120 
0047                  00121 AbrirCanilla
0047   2???           00122         CALL Retardo_200ms
0048   2???           00123         CALL Retardo_200ms
0049   2???           00124         CALL Retardo_100ms
004A   2???           00125         CALL Retardo_200ms
004B   2???           00126         CALL Retardo_200ms
004C   2???           00127         CALL Retardo_100ms
004D   1686           00128         BSF PORTB, 5
004E                  00129 LOOPCANILLA
                      00130     ; Decrementar la cantidad de agua en 1 litro cada medio segundo
004E   2???           00131     CALL Retardo_200ms
004F   2???           00132     CALL Retardo_200ms
0050   2???           00133     CALL Retardo_100ms
0051   03A1           00134     DECF CantidadAgua, F
0052   0821           00135         MOVF CantidadAgua, W ; Mover el valor de CantidadAgua a WREG
0053   0228           00136         SUBWF CantidadAgua50, W ; Restar la capacidad máxima de agua y almacenar el resultado en WREG
0054   1D03           00137         BTFSS STATUS, Z ; Comprobar si el resultado es cero (es decir, CantidadAgua < 110)
0055   2???           00138         GOTO LOOPCANILLA
0056   2???           00139     GOTO SalirLOOPCANILLA ; Salir del bucle si la cantidad llegó a 50
                      00140 
0057                  00141 SalirLOOPCANILLA
0057   1286           00142     BCF PORTB, 5 ; Apagar un LED o realizar alguna acción
0058   0008           00143     RETURN
                      00144 
0059                  00145 Bomba_Resistencia
0059   2???           00146         CALL Retardo_200ms
005A   2???           00147         CALL Retardo_200ms
005B   2???           00148         CALL Retardo_100ms
005C   2???           00149         CALL Retardo_200ms
005D   2???           00150         CALL Retardo_200ms
005E   2???           00151         CALL Retardo_100ms
005F   1506           00152         BSF PORTB, 2
0060   1186           00153         BCF PORTB, 3
MPASM  5.31              TERMOTANQUEFINAL.ASM   10-28-2023  1:31:03         PAGE  4


LOC  OBJECT CODE     LINE SOURCE TEXT
  VALUE

0061   2???           00154         CALL AguaMenosDe110
0062   1106           00155         BCF PORTB, 2
0063   0008           00156         RETURN
                      00157         
                      00158 
                      00159 
                      00160 
0064                  00161 Retardo_200ms
0064   30C8           00162                         MOVLW D'200'                            ;x              
0065   2???           00163                         GOTO Retardo_Pedido_Ms
0066                  00164 Retardo_100ms
0066   3064           00165                         MOVLW D'100'                                            
0067   2???           00166                         GOTO Retardo_Pedido_Ms
                      00167                                         
                      00168         ;Rutina de retarde pedido       
0068                  00169 Retardo_Pedido_Ms
0068   00A3           00170                         MOVWF C2
                      00171         ;Rutina 1ms             
0069                  00172 Retraso_1miliSegundo                                                                    
0069   30F9           00173                         MOVLW D'249'                    ;y      
006A   00A2           00174                         MOVWF C1                                
006B                  00175 Regresa_1Ms                                                                     
006B   0000           00176                         NOP                             
006C   0BA2           00177                         DECFSZ C1,1                     
006D   2???           00178                         GOTO Regresa_1Ms
                      00179         ;fin 1ms
006E   0BA3           00180                         DECFSZ C2,1   ;se ejecuta 1ms las veces pedidas
006F   2???           00181                         GOTO Retraso_1miliSegundo       
0070   0008           00182                         RETURN                          
                      00183                                                 
                      00184         
                      00185         ;Cm = t (mhz/4)
                      00186         ; cm= t (4/4)
                      00187         ;cm= t(en us)
                      00188         ;1cm->1us
3FE1                  00189         END
MPASM  5.31              TERMOTANQUEFINAL.ASM   10-28-2023  1:31:03         PAGE  5


SYMBOL TABLE
  LABEL                             VALUE 

ADEN                              00000003
AbrirCanilla                      00000047
AguaMenosDe110                    0000001B
BRGH                              00000002
Bomba_Resistencia                 00000059
C                                 00000000
C1                                00000022
C1INV                             00000004
C1OUT                             00000006
C2                                00000023
C2INV                             00000005
C2OUT                             00000007
C3                                00000024
CCP1CON                           00000017
CCP1IE                            00000002
CCP1IF                            00000002
CCP1M0                            00000000
CCP1M1                            00000001
CCP1M2                            00000002
CCP1M3                            00000003
CCP1X                             00000005
CCP1Y                             00000004
CCPR1H                            00000016
CCPR1L                            00000015
CIS                               00000003
CM0                               00000000
CM1                               00000001
CM2                               00000002
CMCON                             0000001F
CMIE                              00000006
CMIF                              00000006
CREN                              00000004
CSRC                              00000007
CalentarAgua                      00000033
CantidadAgua                      00000021
CantidadAgua50                    00000028
CapacidadMax_Agua                 00000020
DC                                00000001
EEADR                             0000009B
EECON1                            0000009C
EECON2                            0000009D
EEDATA                            0000009A
EEIE                              00000007
EEIF                              00000007
F                                 00000001
FERR                              00000002
FSR                               00000004
GIE                               00000007
INDF                              00000000
INICIO                            00000012
INTCON                            0000000B
INTE                              00000004
INTEDG                            00000006
MPASM  5.31              TERMOTANQUEFINAL.ASM   10-28-2023  1:31:03         PAGE  6


SYMBOL TABLE
  LABEL                             VALUE 

INTF                              00000001
IRP                               00000007
LOOP                              0000001C
LOOPCANILLA                       0000004E
NOT_BO                            00000000
NOT_BOD                           00000000
NOT_BOR                           00000000
NOT_PD                            00000003
NOT_POR                           00000001
NOT_RBPU                          00000007
NOT_T1SYNC                        00000002
NOT_TO                            00000004
OERR                              00000001
OPTION_REG                        00000081
OSCF                              00000003
PCL                               00000002
PCLATH                            0000000A
PCON                              0000008E
PEIE                              00000006
PIE1                              0000008C
PIR1                              0000000C
PORTA                             00000005
PORTB                             00000006
PR2                               00000092
PS0                               00000000
PS1                               00000001
PS2                               00000002
PSA                               00000003
Prender_TempMax                   00000041
RBIE                              00000003
RBIF                              00000000
RCIE                              00000005
RCIF                              00000005
RCREG                             0000001A
RCSTA                             00000018
RD                                00000000
RP0                               00000005
RP1                               00000006
RX9                               00000006
RX9D                              00000000
Regresa_1Ms                       0000006B
Retardo_100ms                     00000066
Retardo_200ms                     00000064
Retardo_Pedido_Ms                 00000068
Retraso_1miliSegundo              00000069
SPBRG                             00000099
SPEN                              00000007
SREN                              00000005
STATUS                            00000003
SYNC                              00000004
SalirLOOPCANILLA                  00000057
T0CS                              00000005
T0IE                              00000005
MPASM  5.31              TERMOTANQUEFINAL.ASM   10-28-2023  1:31:03         PAGE  7


SYMBOL TABLE
  LABEL                             VALUE 

T0IF                              00000002
T0SE                              00000004
T1CKPS0                           00000004
T1CKPS1                           00000005
T1CON                             00000010
T1OSCEN                           00000003
T2CKPS0                           00000000
T2CKPS1                           00000001
T2CON                             00000012
TMR0                              00000001
TMR1CS                            00000001
TMR1H                             0000000F
TMR1IE                            00000000
TMR1IF                            00000000
TMR1L                             0000000E
TMR1ON                            00000000
TMR2                              00000011
TMR2IE                            00000001
TMR2IF                            00000001
TMR2ON                            00000002
TOUTPS0                           00000003
TOUTPS1                           00000004
TOUTPS2                           00000005
TOUTPS3                           00000006
TRISA                             00000085
TRISB                             00000086
TRMT                              00000001
TX9                               00000006
TX9D                              00000000
TXEN                              00000005
TXIE                              00000004
TXIF                              00000004
TXREG                             00000019
TXSTA                             00000098
Temp_agua                         00000027
Temp_max                          00000025
Temp_min                          00000026
VR0                               00000000
VR1                               00000001
VR2                               00000002
VR3                               00000003
VRCON                             0000009F
VREN                              00000007
VROE                              00000006
VRR                               00000005
VerificandoAgua                   00000026
W                                 00000000
WR                                00000001
WREN                              00000002
WRERR                             00000003
Z                                 00000002
_BODEN_OFF                        00003FBF
_BODEN_ON                         00003FFF
MPASM  5.31              TERMOTANQUEFINAL.ASM   10-28-2023  1:31:03         PAGE  8


SYMBOL TABLE
  LABEL                             VALUE 

_BOREN_OFF                        00003FBF
_BOREN_ON                         00003FFF
_CP_OFF                           00003FFF
_CP_ON                            00001FFF
_DATA_CP_OFF                      00003FFF
_DATA_CP_ON                       00003EFF
_ER_OSC_CLKOUT                    00003FFF
_ER_OSC_NOCLKOUT                  00003FFE
_EXTCLK_OSC                       00003FEF
_HS_OSC                           00003FEE
_INTOSC_OSC_CLKOUT                00003FFD
_INTOSC_OSC_NOCLKOUT              00003FFC
_INTRC_OSC_CLKOUT                 00003FFD
_INTRC_OSC_NOCLKOUT               00003FFC
_LP_OSC                           00003FEC
_LVP_OFF                          00003F7F
_LVP_ON                           00003FFF
_MCLRE_OFF                        00003FDF
_MCLRE_ON                         00003FFF
_PWRTE_OFF                        00003FFF
_PWRTE_ON                         00003FF7
_RC_OSC_CLKOUT                    00003FFF
_RC_OSC_NOCLKOUT                  00003FFE
_WDT_OFF                          00003FFB
_WDT_ON                           00003FFF
_XT_OSC                           00003FED
__16F628A                         00000001
__DEBUG                           1
__MPLAB_DEBUGGER_ICD2             1

Errors   :     0
Warnings :     0 reported,     0 suppressed
Messages :     1 reported,     0 suppressed

